<?xml version="1.0" encoding="UTF-8"?>
<!-- Generated by org.testng.reporters.JUnitReportReporter -->
<testsuite hostname="Yolo-11" failures="0" tests="1" name="testCases.Api_4Post" time="1.934" errors="0" timestamp="2022-02-15T12:04:53 IST" skipped="0">
  <testcase classname="testCases.Api_4Post" name="postMethod" time="1.934"/>
  <system-out/>
</testsuite> <!-- testCases.Api_4Post -->
