<?xml version="1.0" encoding="UTF-8"?>
<!-- Generated by org.testng.reporters.JUnitReportReporter -->
<testsuite hostname="Yolo-11" failures="0" tests="1" name="testCases.BrokenImages" time="3.402" errors="0" timestamp="2022-02-15T13:37:09 IST" skipped="0">
  <testcase classname="testCases.BrokenImages" name="brokenImages" time="3.402"/>
  <system-out/>
</testsuite> <!-- testCases.BrokenImages -->
