<?xml version="1.0" encoding="UTF-8"?>
<!-- Generated by org.testng.reporters.JUnitReportReporter -->
<testsuite hostname="Yolo-11" failures="0" tests="1" name="testCases.Api_1ListAllUsers" time="2.065" errors="0" timestamp="2022-02-15T10:30:16 IST" skipped="0">
  <testcase classname="testCases.Api_1ListAllUsers" name="listAllUsers" time="2.065"/>
  <system-out/>
</testsuite> <!-- testCases.Api_1ListAllUsers -->
