<?xml version="1.0" encoding="UTF-8"?>
<!-- Generated by org.testng.reporters.JUnitReportReporter -->
<testsuite hostname="Yolo-11" failures="0" tests="1" name="testCases.SeleniumAdvancedMethods" time="0.670" errors="0" timestamp="2022-02-18T22:18:41 IST" skipped="0">
  <testcase classname="testCases.SeleniumAdvancedMethods" name="downloadFiles" time="0.670"/>
  <system-out/>
</testsuite> <!-- testCases.SeleniumAdvancedMethods -->
