<?xml version="1.0" encoding="UTF-8"?>
<!-- Generated by org.testng.reporters.JUnitReportReporter -->
<testsuite hostname="Yolo-11" failures="0" tests="1" name="testCases.SeleniumInterview" time="8.501" errors="0" timestamp="2022-02-25T14:45:39 IST" skipped="0">
  <testcase classname="testCases.SeleniumInterview" name="pagination" time="8.501"/>
  <system-out/>
</testsuite> <!-- testCases.SeleniumInterview -->
