<?xml version="1.0" encoding="UTF-8"?>
<!-- Generated by org.testng.reporters.JUnitReportReporter -->
<testsuite hostname="Yolo-11" failures="0" tests="1" name="testCases.Api_5PutMethod" time="2.104" errors="0" timestamp="2022-02-15T12:09:02 IST" skipped="0">
  <testcase classname="testCases.Api_5PutMethod" name="putMethod" time="2.104"/>
  <system-out/>
</testsuite> <!-- testCases.Api_5PutMethod -->
