<?xml version="1.0" encoding="UTF-8"?>
<!-- Generated by org.testng.reporters.JUnitReportReporter -->
<testsuite hostname="Yolo-11" failures="0" tests="1" name="testCases.TC001" time="2.077" errors="0" timestamp="2022-02-21T18:38:36 IST" skipped="0">
  <testcase classname="testCases.TC001" name="dummy" time="2.077"/>
  <system-out/>
</testsuite> <!-- testCases.TC001 -->
