<?xml version="1.0" encoding="UTF-8"?>
<!-- Generated by org.testng.reporters.JUnitReportReporter -->
<testsuite hostname="Yolo-11" failures="0" tests="6" name="testCases.DataProviderExample" time="0.013" errors="0" timestamp="2022-02-21T21:02:34 IST" skipped="0">
  <testcase classname="testCases.DataProviderExample" name="example" time="0.006"/>
  <system-out/>
  <testcase classname="testCases.DataProviderExample" name="example" time="0.002"/>
  <system-out/>
  <testcase classname="testCases.DataProviderExample" name="example" time="0.001"/>
  <system-out/>
  <testcase classname="testCases.DataProviderExample" name="example" time="0.002"/>
  <system-out/>
  <testcase classname="testCases.DataProviderExample" name="example" time="0.001"/>
  <system-out/>
  <testcase classname="testCases.DataProviderExample" name="example" time="0.001"/>
  <system-out/>
</testsuite> <!-- testCases.DataProviderExample -->
