<?xml version="1.0" encoding="UTF-8"?>
<!-- Generated by org.testng.reporters.JUnitReportReporter -->
<testsuite hostname="Yolo-11" failures="0" tests="1" name="testCases.SeleniumAdvancedMethods" time="1.198" errors="0" timestamp="2022-02-20T21:30:53 IST" skipped="0">
  <testcase classname="testCases.SeleniumAdvancedMethods" name="Images" time="1.198"/>
  <system-out/>
</testsuite> <!-- testCases.SeleniumAdvancedMethods -->
