<?xml version="1.0" encoding="UTF-8"?>
<!-- Generated by org.testng.reporters.JUnitReportReporter -->
<testsuite hostname="Yolo-11" failures="0" tests="1" name="testCases.TC003" time="0.007" errors="0" timestamp="2022-02-21T17:34:55 IST" skipped="0">
  <testcase classname="testCases.TC003" name="dummy" time="0.007"/>
  <system-out/>
</testsuite> <!-- testCases.TC003 -->
