<?xml version="1.0" encoding="UTF-8"?>
<!-- Generated by org.testng.reporters.JUnitReportReporter -->
<testsuite hostname="Yolo-11" failures="0" tests="5" name="testCases.TestNGAnnotations" time="0.009" errors="0" timestamp="2022-02-21T18:25:04 IST" skipped="1">
  <testcase classname="testCases.TestNGAnnotations" name="ztest1" time="0.001"/>
  <system-out/>
  <testcase classname="testCases.TestNGAnnotations" name="parent" time="0.007"/>
  <system-out/>
  <testcase classname="testCases.TestNGAnnotations" name="child" time="0.001"/>
  <system-out/>
  <testcase classname="testCases.TestNGAnnotations" name="test2" time="0.000"/>
  <system-out/>
  <testcase classname="testCases.TestNGAnnotations" name="ignore">
    <skipped/>
  </testcase> <!-- ignore -->
  <system-out/>
</testsuite> <!-- testCases.TestNGAnnotations -->
