<?xml version="1.0" encoding="UTF-8"?>
<!-- Generated by org.testng.reporters.JUnitReportReporter -->
<testsuite hostname="Yolo-11" failures="0" tests="1" name="testCases.ApachePoiExcelReading" time="1.006" errors="0" timestamp="2022-02-22T17:53:17 IST" skipped="0">
  <testcase classname="testCases.ApachePoiExcelReading" name="dataRead" time="1.006"/>
  <system-out/>
</testsuite> <!-- testCases.ApachePoiExcelReading -->
