<?xml version="1.0" encoding="UTF-8"?>
<!-- Generated by org.testng.reporters.JUnitReportReporter -->
<testsuite hostname="Yolo-11" failures="0" tests="1" name="testCases.Api_1GetAllPosts" time="1.543" errors="0" timestamp="2022-02-14T21:03:42 IST" skipped="0">
  <testcase classname="testCases.Api_1GetAllPosts" name="test1" time="1.543"/>
  <system-out/>
</testsuite> <!-- testCases.Api_1GetAllPosts -->
