<?xml version="1.0" encoding="UTF-8"?>
<!-- Generated by org.testng.reporters.JUnitReportReporter -->
<testsuite hostname="Yolo-11" failures="0" tests="1" name="testCases.BasicSeleniumMethods" time="0.953" errors="0" timestamp="2022-02-15T21:41:09 IST" skipped="0">
  <testcase classname="testCases.BasicSeleniumMethods" name="checkBoxes" time="0.953"/>
  <system-out/>
</testsuite> <!-- testCases.BasicSeleniumMethods -->
