<?xml version="1.0" encoding="UTF-8"?>
<!-- Generated by org.testng.reporters.JUnitReportReporter -->
<testsuite hostname="Yolo-11" failures="0" tests="1" name="testCases.Api_6DeleteMethod" time="2.169" errors="0" timestamp="2022-02-15T12:33:43 IST" skipped="0">
  <testcase classname="testCases.Api_6DeleteMethod" name="delete" time="2.169"/>
  <system-out/>
</testsuite> <!-- testCases.Api_6DeleteMethod -->
