<?xml version="1.0" encoding="UTF-8"?>
<!-- Generated by org.testng.reporters.JUnitReportReporter -->
<testsuite hostname="Yolo-11" failures="0" tests="1" name="testCases.TC002" time="3.147" errors="0" timestamp="2022-02-21T18:38:36 IST" skipped="0">
  <testcase classname="testCases.TC002" name="dummy" time="3.147"/>
  <system-out/>
</testsuite> <!-- testCases.TC002 -->
